Arguments: 
  C:\Program Files\nodejs\node.exe C:\Users\Igor\AppData\Roaming\npm\node_modules\yarn\bin\yarn.js install

PATH: 
  C:\Users\Igor\bin;C:\Program Files\Git\mingw64\bin;C:\Program Files\Git\usr\local\bin;C:\Program Files\Git\usr\bin;C:\Program Files\Git\usr\bin;C:\Program Files\Git\mingw64\bin;C:\Program Files\Git\usr\bin;C:\Users\Igor\bin;C:\program files\graphicsmagick-1.3.36-q16;C:\program files (x86)\graphicsmagick-1.3.35-q8;C:\Program Files (x86)\Embarcadero\Studio\20.0\bin;C:\Users\Public\Documents\Embarcadero\Studio\20.0\Bpl;C:\Program Files (x86)\Embarcadero\Studio\20.0\bin64;C:\Users\Public\Documents\Embarcadero\Studio\20.0\Bpl\Win64;C:\TIFire\post\lib;C:\Program Files (x86)\Falcon\MinGW\bin;C:\Windows\system32;C:\Windows;C:\Windows\System32\Wbem;C:\Windows\System32\WindowsPowerShell\v1.0;C:\Program Files\Java\jdk1.7.0_80\bin;C:\Program Files\dotnet;C:\Program Files\Microsoft SQL Server\130\Tools\Binn;C:\Program Files\Microsoft SQL Server\Client SDK\ODBC\170\Tools\Binn;C:\Program Files (x86)\dotnet;C:\Program Files\Java\jdk-11.0.2\bin;C:\Windows\System32\WindowsPowerShell\v1.0;C:\Windows\System32\WindowsPowerShell\v1.0;C:\Program Files\nodejs;C:\Program Files\Git\cmd;C:\Users\Igor\AppData\Local\Programs\Microsoft VS Code\bin;C:\Program Files\heroku\bin;C:\Users\Igor\.dotnet\tools;C:\Users\Igor\AppData\Roaming\npm;E:\Program Files\Fiddler;C:\Program Files\Git\usr\bin\vendor_perl;C:\Program Files\Git\usr\bin\core_perl

Yarn version: 
  1.22.17

Node version: 
  14.16.1

Platform: 
  win32 x64

Trace: 
  Invariant Violation: could not find a copy of react-native to link in E:\Native\Gold\Gold-App\node_modules\react-native-gradient-card-view\node_modules
      at invariant (C:\Users\Igor\AppData\Roaming\npm\node_modules\yarn\lib\cli.js:2314:15)
      at PackageLinker.<anonymous> (C:\Users\Igor\AppData\Roaming\npm\node_modules\yarn\lib\cli.js:48895:7)
      at Generator.next (<anonymous>)
      at step (C:\Users\Igor\AppData\Roaming\npm\node_modules\yarn\lib\cli.js:310:30)
      at C:\Users\Igor\AppData\Roaming\npm\node_modules\yarn\lib\cli.js:321:13
      at runMicrotasks (<anonymous>)
      at processTicksAndRejections (internal/process/task_queues.js:93:5)

npm manifest: 
  {
    "main": "node_modules/expo/AppEntry.js",
    "scripts": {
      "start": "expo start",
      "android": "expo start --android",
      "ios": "expo start --ios",
      "web": "expo start --web",
      "eject": "expo eject"
    },
    "dependencies": {
      "@freakycoder/react-native-bounceable": "^0.2.5",
      "@react-native-async-storage/async-storage": "^1.15.6",
      "@react-native-community/masked-view": "0.1.10",
      "@react-native-masked-view/masked-view": "^0.2.6",
      "@react-navigation/bottom-tabs": "^5.11.11",
      "@react-navigation/native": "^6.0.2",
      "@react-navigation/native-stack": "^6.0.5",
      "axios": "^0.21.1",
      "expo": "~42.0.1",
      "expo-print": "^10.2.1",
      "expo-sharing": "^10.1.0",
      "expo-status-bar": "~1.0.4",
      "numbro": "^2.3.2",
      "react": "^18.0.0-alpha-b9964684b-20210824",
      "react-dom": "^18.0.0-alpha-b9964684b-20210824",
      "react-native": "https://github.com/expo/react-native/archive/sdk-42.0.0.tar.gz",
      "react-native-animated-spinkit": "^1.5.2",
      "react-native-dynamic-search-bar": "github:WrathChaos/react-native-dynamic-search-bar#expo",
      "react-native-dynamic-vector-icons": "github:WrathChaos/react-native-dynamic-vector-icons#expo",
      "react-native-easy-grid": "^0.2.2",
      "react-native-gesture-handler": "~1.10.2",
      "react-native-reanimated": "~2.2.0",
      "react-native-safe-area-context": "3.2.0",
      "react-native-screens": "~3.4.0",
      "react-native-search-bar": "^3.5.1",
      "react-native-sqlite-storage": "^5.0.0",
      "react-native-table-component": "^1.2.1",
      "react-native-web": "~0.13.12",
      "react-number-format": "^4.6.4",
      "react-table": "^7.7.0",
      "tslib": "^2.3.0"
    },
    "devDependencies": {
      "@babel/core": "^7.9.0"
    },
    "private": true
  }

yarn manifest: 
  No manifest

Lockfile: 
  No lockfile
